<?xml version="1.0" encoding="UTF-8"?>
<testsuite xmlns:xsi="http://www.w3.org/2001/XMLSchema-instance" xsi:noNamespaceSchemaLocation="https://maven.apache.org/surefire/maven-surefire-plugin/xsd/surefire-test-report.xsd" name="selenium.ExampleSeleniumTest" time="9.563" tests="3" errors="3" skipped="0" failures="0">
  <properties>
    <property name="java.specification.version" value="22"/>
    <property name="sun.jnu.encoding" value="UTF-8"/>
    <property name="java.class.path" value="/Users/edwardhe/Downloads/seg3103_playground/Lab6/BookstoreApp/target/test-classes:/Users/edwardhe/Downloads/seg3103_playground/Lab6/BookstoreApp/target/classes:/Users/edwardhe/.m2/repository/io/cucumber/cucumber-java/4.2.6/cucumber-java-4.2.6.jar:/Users/edwardhe/.m2/repository/io/cucumber/cucumber-core/4.2.6/cucumber-core-4.2.6.jar:/Users/edwardhe/.m2/repository/io/cucumber/cucumber-html/0.2.7/cucumber-html-0.2.7.jar:/Users/edwardhe/.m2/repository/io/cucumber/gherkin/5.1.0/gherkin-5.1.0.jar:/Users/edwardhe/.m2/repository/io/cucumber/tag-expressions/1.1.1/tag-expressions-1.1.1.jar:/Users/edwardhe/.m2/repository/io/cucumber/cucumber-expressions/6.2.0/cucumber-expressions-6.2.0.jar:/Users/edwardhe/.m2/repository/io/cucumber/datatable/1.1.12/datatable-1.1.12.jar:/Users/edwardhe/.m2/repository/io/cucumber/datatable-dependencies/1.1.12/datatable-dependencies-1.1.12.jar:/Users/edwardhe/.m2/repository/io/cucumber/cucumber-junit/4.2.6/cucumber-junit-4.2.6.jar:/Users/edwardhe/.m2/repository/junit/junit/4.12/junit-4.12.jar:/Users/edwardhe/.m2/repository/org/hamcrest/hamcrest-core/1.3/hamcrest-core-1.3.jar:/Users/edwardhe/.m2/repository/org/seleniumhq/selenium/selenium-java/3.141.59/selenium-java-3.141.59.jar:/Users/edwardhe/.m2/repository/org/seleniumhq/selenium/selenium-api/3.141.59/selenium-api-3.141.59.jar:/Users/edwardhe/.m2/repository/org/seleniumhq/selenium/selenium-chrome-driver/3.141.59/selenium-chrome-driver-3.141.59.jar:/Users/edwardhe/.m2/repository/org/seleniumhq/selenium/selenium-edge-driver/3.141.59/selenium-edge-driver-3.141.59.jar:/Users/edwardhe/.m2/repository/org/seleniumhq/selenium/selenium-firefox-driver/3.141.59/selenium-firefox-driver-3.141.59.jar:/Users/edwardhe/.m2/repository/org/seleniumhq/selenium/selenium-ie-driver/3.141.59/selenium-ie-driver-3.141.59.jar:/Users/edwardhe/.m2/repository/org/seleniumhq/selenium/selenium-opera-driver/3.141.59/selenium-opera-driver-3.141.59.jar:/Users/edwardhe/.m2/repository/org/seleniumhq/selenium/selenium-remote-driver/3.141.59/selenium-remote-driver-3.141.59.jar:/Users/edwardhe/.m2/repository/org/seleniumhq/selenium/selenium-safari-driver/3.141.59/selenium-safari-driver-3.141.59.jar:/Users/edwardhe/.m2/repository/org/seleniumhq/selenium/selenium-support/3.141.59/selenium-support-3.141.59.jar:/Users/edwardhe/.m2/repository/net/bytebuddy/byte-buddy/1.8.15/byte-buddy-1.8.15.jar:/Users/edwardhe/.m2/repository/org/apache/commons/commons-exec/1.3/commons-exec-1.3.jar:/Users/edwardhe/.m2/repository/com/google/guava/guava/25.0-jre/guava-25.0-jre.jar:/Users/edwardhe/.m2/repository/com/google/code/findbugs/jsr305/1.3.9/jsr305-1.3.9.jar:/Users/edwardhe/.m2/repository/org/checkerframework/checker-compat-qual/2.0.0/checker-compat-qual-2.0.0.jar:/Users/edwardhe/.m2/repository/com/google/errorprone/error_prone_annotations/2.1.3/error_prone_annotations-2.1.3.jar:/Users/edwardhe/.m2/repository/com/google/j2objc/j2objc-annotations/1.1/j2objc-annotations-1.1.jar:/Users/edwardhe/.m2/repository/org/codehaus/mojo/animal-sniffer-annotations/1.14/animal-sniffer-annotations-1.14.jar:/Users/edwardhe/.m2/repository/com/squareup/okhttp3/okhttp/3.11.0/okhttp-3.11.0.jar:/Users/edwardhe/.m2/repository/com/squareup/okio/okio/1.14.0/okio-1.14.0.jar:/Users/edwardhe/.m2/repository/org/seleniumhq/selenium/htmlunit-driver/2.33.2/htmlunit-driver-2.33.2.jar:/Users/edwardhe/.m2/repository/net/sourceforge/htmlunit/htmlunit/2.33/htmlunit-2.33.jar:/Users/edwardhe/.m2/repository/xalan/xalan/2.7.2/xalan-2.7.2.jar:/Users/edwardhe/.m2/repository/xalan/serializer/2.7.2/serializer-2.7.2.jar:/Users/edwardhe/.m2/repository/org/apache/commons/commons-text/1.4/commons-text-1.4.jar:/Users/edwardhe/.m2/repository/org/apache/httpcomponents/httpmime/4.5.6/httpmime-4.5.6.jar:/Users/edwardhe/.m2/repository/org/apache/httpcomponents/httpclient/4.5.6/httpclient-4.5.6.jar:/Users/edwardhe/.m2/repository/org/apache/httpcomponents/httpcore/4.4.10/httpcore-4.4.10.jar:/Users/edwardhe/.m2/repository/net/sourceforge/htmlunit/htmlunit-core-js/2.33/htmlunit-core-js-2.33.jar:/Users/edwardhe/.m2/repository/net/sourceforge/htmlunit/neko-htmlunit/2.33/neko-htmlunit-2.33.jar:/Users/edwardhe/.m2/repository/xerces/xercesImpl/2.12.0/xercesImpl-2.12.0.jar:/Users/edwardhe/.m2/repository/xml-apis/xml-apis/1.4.01/xml-apis-1.4.01.jar:/Users/edwardhe/.m2/repository/net/sourceforge/htmlunit/htmlunit-cssparser/1.2.0/htmlunit-cssparser-1.2.0.jar:/Users/edwardhe/.m2/repository/commons-logging/commons-logging/1.2/commons-logging-1.2.jar:/Users/edwardhe/.m2/repository/commons-net/commons-net/3.6/commons-net-3.6.jar:/Users/edwardhe/.m2/repository/org/eclipse/jetty/websocket/websocket-client/9.4.12.v20180830/websocket-client-9.4.12.v20180830.jar:/Users/edwardhe/.m2/repository/org/eclipse/jetty/jetty-client/9.4.12.v20180830/jetty-client-9.4.12.v20180830.jar:/Users/edwardhe/.m2/repository/org/eclipse/jetty/jetty-http/9.4.12.v20180830/jetty-http-9.4.12.v20180830.jar:/Users/edwardhe/.m2/repository/org/eclipse/jetty/jetty-xml/9.4.12.v20180830/jetty-xml-9.4.12.v20180830.jar:/Users/edwardhe/.m2/repository/org/eclipse/jetty/jetty-util/9.4.12.v20180830/jetty-util-9.4.12.v20180830.jar:/Users/edwardhe/.m2/repository/org/eclipse/jetty/jetty-io/9.4.12.v20180830/jetty-io-9.4.12.v20180830.jar:/Users/edwardhe/.m2/repository/org/eclipse/jetty/websocket/websocket-common/9.4.12.v20180830/websocket-common-9.4.12.v20180830.jar:/Users/edwardhe/.m2/repository/org/eclipse/jetty/websocket/websocket-api/9.4.12.v20180830/websocket-api-9.4.12.v20180830.jar:/Users/edwardhe/.m2/repository/org/seleniumhq/selenium/selenium-server/3.141.59/selenium-server-3.141.59.jar:/Users/edwardhe/.m2/repository/com/beust/jcommander/1.72/jcommander-1.72.jar:/Users/edwardhe/.m2/repository/net/jcip/jcip-annotations/1.0/jcip-annotations-1.0.jar:/Users/edwardhe/.m2/repository/org/seleniumhq/selenium/jetty-repacked/9.4.12.v20180830/jetty-repacked-9.4.12.v20180830.jar:/Users/edwardhe/.m2/repository/javax/servlet/javax.servlet-api/3.1.0/javax.servlet-api-3.1.0.jar:/Users/edwardhe/.m2/repository/org/yaml/snakeyaml/1.19/snakeyaml-1.19.jar:/Users/edwardhe/.m2/repository/org/junit/jupiter/junit-jupiter-api/5.7.2/junit-jupiter-api-5.7.2.jar:/Users/edwardhe/.m2/repository/org/apiguardian/apiguardian-api/1.1.0/apiguardian-api-1.1.0.jar:/Users/edwardhe/.m2/repository/org/opentest4j/opentest4j/1.2.0/opentest4j-1.2.0.jar:/Users/edwardhe/.m2/repository/org/junit/platform/junit-platform-commons/1.7.2/junit-platform-commons-1.7.2.jar:/Users/edwardhe/.m2/repository/org/junit/jupiter/junit-jupiter-engine/5.7.2/junit-jupiter-engine-5.7.2.jar:/Users/edwardhe/.m2/repository/org/junit/platform/junit-platform-engine/1.7.2/junit-platform-engine-1.7.2.jar:/Users/edwardhe/.m2/repository/io/github/bonigarcia/webdrivermanager/4.0.0/webdrivermanager-4.0.0.jar:/Users/edwardhe/.m2/repository/org/slf4j/slf4j-api/1.7.30/slf4j-api-1.7.30.jar:/Users/edwardhe/.m2/repository/commons-io/commons-io/2.6/commons-io-2.6.jar:/Users/edwardhe/.m2/repository/com/google/code/gson/gson/2.8.6/gson-2.8.6.jar:/Users/edwardhe/.m2/repository/org/apache/commons/commons-lang3/3.10/commons-lang3-3.10.jar:/Users/edwardhe/.m2/repository/org/apache/httpcomponents/client5/httpclient5/5.0/httpclient5-5.0.jar:/Users/edwardhe/.m2/repository/org/apache/httpcomponents/core5/httpcore5/5.0/httpcore5-5.0.jar:/Users/edwardhe/.m2/repository/org/apache/httpcomponents/core5/httpcore5-h2/5.0/httpcore5-h2-5.0.jar:/Users/edwardhe/.m2/repository/commons-codec/commons-codec/1.13/commons-codec-1.13.jar:/Users/edwardhe/.m2/repository/org/rauschig/jarchivelib/1.0.0/jarchivelib-1.0.0.jar:/Users/edwardhe/.m2/repository/org/apache/commons/commons-compress/1.18/commons-compress-1.18.jar:/Users/edwardhe/.m2/repository/org/jsoup/jsoup/1.13.1/jsoup-1.13.1.jar:"/>
    <property name="java.vm.vendor" value="Homebrew"/>
    <property name="sun.arch.data.model" value="64"/>
    <property name="java.vendor.url" value="https://github.com/Homebrew/homebrew-core/issues"/>
    <property name="os.name" value="Mac OS X"/>
    <property name="java.vm.specification.version" value="22"/>
    <property name="sun.java.launcher" value="SUN_STANDARD"/>
    <property name="user.country" value="CA"/>
    <property name="sun.boot.library.path" value="/usr/local/Cellar/openjdk/22.0.1/libexec/openjdk.jdk/Contents/Home/lib"/>
    <property name="sun.java.command" value="/Users/edwardhe/Downloads/seg3103_playground/Lab6/BookstoreApp/target/surefire/surefirebooter11522721825124638582.jar /Users/edwardhe/Downloads/seg3103_playground/Lab6/BookstoreApp/target/surefire 2024-06-20T17-51-15_772-jvmRun1 surefire572646536266727384tmp surefire_02871291945449748506tmp"/>
    <property name="http.nonProxyHosts" value="local|*.local|169.254/16|*.169.254/16"/>
    <property name="jdk.debug" value="release"/>
    <property name="surefire.test.class.path" value="/Users/edwardhe/Downloads/seg3103_playground/Lab6/BookstoreApp/target/test-classes:/Users/edwardhe/Downloads/seg3103_playground/Lab6/BookstoreApp/target/classes:/Users/edwardhe/.m2/repository/io/cucumber/cucumber-java/4.2.6/cucumber-java-4.2.6.jar:/Users/edwardhe/.m2/repository/io/cucumber/cucumber-core/4.2.6/cucumber-core-4.2.6.jar:/Users/edwardhe/.m2/repository/io/cucumber/cucumber-html/0.2.7/cucumber-html-0.2.7.jar:/Users/edwardhe/.m2/repository/io/cucumber/gherkin/5.1.0/gherkin-5.1.0.jar:/Users/edwardhe/.m2/repository/io/cucumber/tag-expressions/1.1.1/tag-expressions-1.1.1.jar:/Users/edwardhe/.m2/repository/io/cucumber/cucumber-expressions/6.2.0/cucumber-expressions-6.2.0.jar:/Users/edwardhe/.m2/repository/io/cucumber/datatable/1.1.12/datatable-1.1.12.jar:/Users/edwardhe/.m2/repository/io/cucumber/datatable-dependencies/1.1.12/datatable-dependencies-1.1.12.jar:/Users/edwardhe/.m2/repository/io/cucumber/cucumber-junit/4.2.6/cucumber-junit-4.2.6.jar:/Users/edwardhe/.m2/repository/junit/junit/4.12/junit-4.12.jar:/Users/edwardhe/.m2/repository/org/hamcrest/hamcrest-core/1.3/hamcrest-core-1.3.jar:/Users/edwardhe/.m2/repository/org/seleniumhq/selenium/selenium-java/3.141.59/selenium-java-3.141.59.jar:/Users/edwardhe/.m2/repository/org/seleniumhq/selenium/selenium-api/3.141.59/selenium-api-3.141.59.jar:/Users/edwardhe/.m2/repository/org/seleniumhq/selenium/selenium-chrome-driver/3.141.59/selenium-chrome-driver-3.141.59.jar:/Users/edwardhe/.m2/repository/org/seleniumhq/selenium/selenium-edge-driver/3.141.59/selenium-edge-driver-3.141.59.jar:/Users/edwardhe/.m2/repository/org/seleniumhq/selenium/selenium-firefox-driver/3.141.59/selenium-firefox-driver-3.141.59.jar:/Users/edwardhe/.m2/repository/org/seleniumhq/selenium/selenium-ie-driver/3.141.59/selenium-ie-driver-3.141.59.jar:/Users/edwardhe/.m2/repository/org/seleniumhq/selenium/selenium-opera-driver/3.141.59/selenium-opera-driver-3.141.59.jar:/Users/edwardhe/.m2/repository/org/seleniumhq/selenium/selenium-remote-driver/3.141.59/selenium-remote-driver-3.141.59.jar:/Users/edwardhe/.m2/repository/org/seleniumhq/selenium/selenium-safari-driver/3.141.59/selenium-safari-driver-3.141.59.jar:/Users/edwardhe/.m2/repository/org/seleniumhq/selenium/selenium-support/3.141.59/selenium-support-3.141.59.jar:/Users/edwardhe/.m2/repository/net/bytebuddy/byte-buddy/1.8.15/byte-buddy-1.8.15.jar:/Users/edwardhe/.m2/repository/org/apache/commons/commons-exec/1.3/commons-exec-1.3.jar:/Users/edwardhe/.m2/repository/com/google/guava/guava/25.0-jre/guava-25.0-jre.jar:/Users/edwardhe/.m2/repository/com/google/code/findbugs/jsr305/1.3.9/jsr305-1.3.9.jar:/Users/edwardhe/.m2/repository/org/checkerframework/checker-compat-qual/2.0.0/checker-compat-qual-2.0.0.jar:/Users/edwardhe/.m2/repository/com/google/errorprone/error_prone_annotations/2.1.3/error_prone_annotations-2.1.3.jar:/Users/edwardhe/.m2/repository/com/google/j2objc/j2objc-annotations/1.1/j2objc-annotations-1.1.jar:/Users/edwardhe/.m2/repository/org/codehaus/mojo/animal-sniffer-annotations/1.14/animal-sniffer-annotations-1.14.jar:/Users/edwardhe/.m2/repository/com/squareup/okhttp3/okhttp/3.11.0/okhttp-3.11.0.jar:/Users/edwardhe/.m2/repository/com/squareup/okio/okio/1.14.0/okio-1.14.0.jar:/Users/edwardhe/.m2/repository/org/seleniumhq/selenium/htmlunit-driver/2.33.2/htmlunit-driver-2.33.2.jar:/Users/edwardhe/.m2/repository/net/sourceforge/htmlunit/htmlunit/2.33/htmlunit-2.33.jar:/Users/edwardhe/.m2/repository/xalan/xalan/2.7.2/xalan-2.7.2.jar:/Users/edwardhe/.m2/repository/xalan/serializer/2.7.2/serializer-2.7.2.jar:/Users/edwardhe/.m2/repository/org/apache/commons/commons-text/1.4/commons-text-1.4.jar:/Users/edwardhe/.m2/repository/org/apache/httpcomponents/httpmime/4.5.6/httpmime-4.5.6.jar:/Users/edwardhe/.m2/repository/org/apache/httpcomponents/httpclient/4.5.6/httpclient-4.5.6.jar:/Users/edwardhe/.m2/repository/org/apache/httpcomponents/httpcore/4.4.10/httpcore-4.4.10.jar:/Users/edwardhe/.m2/repository/net/sourceforge/htmlunit/htmlunit-core-js/2.33/htmlunit-core-js-2.33.jar:/Users/edwardhe/.m2/repository/net/sourceforge/htmlunit/neko-htmlunit/2.33/neko-htmlunit-2.33.jar:/Users/edwardhe/.m2/repository/xerces/xercesImpl/2.12.0/xercesImpl-2.12.0.jar:/Users/edwardhe/.m2/repository/xml-apis/xml-apis/1.4.01/xml-apis-1.4.01.jar:/Users/edwardhe/.m2/repository/net/sourceforge/htmlunit/htmlunit-cssparser/1.2.0/htmlunit-cssparser-1.2.0.jar:/Users/edwardhe/.m2/repository/commons-logging/commons-logging/1.2/commons-logging-1.2.jar:/Users/edwardhe/.m2/repository/commons-net/commons-net/3.6/commons-net-3.6.jar:/Users/edwardhe/.m2/repository/org/eclipse/jetty/websocket/websocket-client/9.4.12.v20180830/websocket-client-9.4.12.v20180830.jar:/Users/edwardhe/.m2/repository/org/eclipse/jetty/jetty-client/9.4.12.v20180830/jetty-client-9.4.12.v20180830.jar:/Users/edwardhe/.m2/repository/org/eclipse/jetty/jetty-http/9.4.12.v20180830/jetty-http-9.4.12.v20180830.jar:/Users/edwardhe/.m2/repository/org/eclipse/jetty/jetty-xml/9.4.12.v20180830/jetty-xml-9.4.12.v20180830.jar:/Users/edwardhe/.m2/repository/org/eclipse/jetty/jetty-util/9.4.12.v20180830/jetty-util-9.4.12.v20180830.jar:/Users/edwardhe/.m2/repository/org/eclipse/jetty/jetty-io/9.4.12.v20180830/jetty-io-9.4.12.v20180830.jar:/Users/edwardhe/.m2/repository/org/eclipse/jetty/websocket/websocket-common/9.4.12.v20180830/websocket-common-9.4.12.v20180830.jar:/Users/edwardhe/.m2/repository/org/eclipse/jetty/websocket/websocket-api/9.4.12.v20180830/websocket-api-9.4.12.v20180830.jar:/Users/edwardhe/.m2/repository/org/seleniumhq/selenium/selenium-server/3.141.59/selenium-server-3.141.59.jar:/Users/edwardhe/.m2/repository/com/beust/jcommander/1.72/jcommander-1.72.jar:/Users/edwardhe/.m2/repository/net/jcip/jcip-annotations/1.0/jcip-annotations-1.0.jar:/Users/edwardhe/.m2/repository/org/seleniumhq/selenium/jetty-repacked/9.4.12.v20180830/jetty-repacked-9.4.12.v20180830.jar:/Users/edwardhe/.m2/repository/javax/servlet/javax.servlet-api/3.1.0/javax.servlet-api-3.1.0.jar:/Users/edwardhe/.m2/repository/org/yaml/snakeyaml/1.19/snakeyaml-1.19.jar:/Users/edwardhe/.m2/repository/org/junit/jupiter/junit-jupiter-api/5.7.2/junit-jupiter-api-5.7.2.jar:/Users/edwardhe/.m2/repository/org/apiguardian/apiguardian-api/1.1.0/apiguardian-api-1.1.0.jar:/Users/edwardhe/.m2/repository/org/opentest4j/opentest4j/1.2.0/opentest4j-1.2.0.jar:/Users/edwardhe/.m2/repository/org/junit/platform/junit-platform-commons/1.7.2/junit-platform-commons-1.7.2.jar:/Users/edwardhe/.m2/repository/org/junit/jupiter/junit-jupiter-engine/5.7.2/junit-jupiter-engine-5.7.2.jar:/Users/edwardhe/.m2/repository/org/junit/platform/junit-platform-engine/1.7.2/junit-platform-engine-1.7.2.jar:/Users/edwardhe/.m2/repository/io/github/bonigarcia/webdrivermanager/4.0.0/webdrivermanager-4.0.0.jar:/Users/edwardhe/.m2/repository/org/slf4j/slf4j-api/1.7.30/slf4j-api-1.7.30.jar:/Users/edwardhe/.m2/repository/commons-io/commons-io/2.6/commons-io-2.6.jar:/Users/edwardhe/.m2/repository/com/google/code/gson/gson/2.8.6/gson-2.8.6.jar:/Users/edwardhe/.m2/repository/org/apache/commons/commons-lang3/3.10/commons-lang3-3.10.jar:/Users/edwardhe/.m2/repository/org/apache/httpcomponents/client5/httpclient5/5.0/httpclient5-5.0.jar:/Users/edwardhe/.m2/repository/org/apache/httpcomponents/core5/httpcore5/5.0/httpcore5-5.0.jar:/Users/edwardhe/.m2/repository/org/apache/httpcomponents/core5/httpcore5-h2/5.0/httpcore5-h2-5.0.jar:/Users/edwardhe/.m2/repository/commons-codec/commons-codec/1.13/commons-codec-1.13.jar:/Users/edwardhe/.m2/repository/org/rauschig/jarchivelib/1.0.0/jarchivelib-1.0.0.jar:/Users/edwardhe/.m2/repository/org/apache/commons/commons-compress/1.18/commons-compress-1.18.jar:/Users/edwardhe/.m2/repository/org/jsoup/jsoup/1.13.1/jsoup-1.13.1.jar:"/>
    <property name="sun.cpu.endian" value="little"/>
    <property name="user.home" value="/Users/edwardhe"/>
    <property name="user.language" value="en"/>
    <property name="java.specification.vendor" value="Oracle Corporation"/>
    <property name="java.version.date" value="2024-04-16"/>
    <property name="java.home" value="/usr/local/Cellar/openjdk/22.0.1/libexec/openjdk.jdk/Contents/Home"/>
    <property name="file.separator" value="/"/>
    <property name="basedir" value="/Users/edwardhe/Downloads/seg3103_playground/Lab6/BookstoreApp"/>
    <property name="java.vm.compressedOopsMode" value="Zero based"/>
    <property name="line.separator" value="&#10;"/>
    <property name="java.vm.specification.vendor" value="Oracle Corporation"/>
    <property name="java.specification.name" value="Java Platform API Specification"/>
    <property name="apple.awt.application.name" value="ForkedBooter"/>
    <property name="surefire.real.class.path" value="/Users/edwardhe/Downloads/seg3103_playground/Lab6/BookstoreApp/target/surefire/surefirebooter11522721825124638582.jar"/>
    <property name="sun.management.compiler" value="HotSpot 64-Bit Tiered Compilers"/>
    <property name="ftp.nonProxyHosts" value="local|*.local|169.254/16|*.169.254/16"/>
    <property name="java.runtime.version" value="22.0.1"/>
    <property name="user.name" value="edwardhe"/>
    <property name="stdout.encoding" value="UTF-8"/>
    <property name="path.separator" value=":"/>
    <property name="os.version" value="14.5"/>
    <property name="java.runtime.name" value="OpenJDK Runtime Environment"/>
    <property name="file.encoding" value="UTF-8"/>
    <property name="java.vm.name" value="OpenJDK 64-Bit Server VM"/>
    <property name="java.vendor.version" value="Homebrew"/>
    <property name="localRepository" value="/Users/edwardhe/.m2/repository"/>
    <property name="java.vendor.url.bug" value="https://github.com/Homebrew/homebrew-core/issues"/>
    <property name="java.io.tmpdir" value="/var/folders/mj/1hkn_d_x4vj1_40vpz4mty1c0000gn/T/"/>
    <property name="java.version" value="22.0.1"/>
    <property name="user.dir" value="/Users/edwardhe/Downloads/seg3103_playground/Lab6/BookstoreApp"/>
    <property name="os.arch" value="x86_64"/>
    <property name="java.vm.specification.name" value="Java Virtual Machine Specification"/>
    <property name="native.encoding" value="UTF-8"/>
    <property name="java.library.path" value="/Users/edwardhe/Library/Java/Extensions:/Library/Java/Extensions:/Network/Library/Java/Extensions:/System/Library/Java/Extensions:/usr/lib/java:."/>
    <property name="java.vm.info" value="mixed mode, sharing"/>
    <property name="stderr.encoding" value="UTF-8"/>
    <property name="java.vendor" value="Homebrew"/>
    <property name="java.vm.version" value="22.0.1"/>
    <property name="sun.io.unicode.encoding" value="UnicodeBig"/>
    <property name="socksNonProxyHosts" value="local|*.local|169.254/16|*.169.254/16"/>
    <property name="java.class.version" value="66.0"/>
  </properties>
  <testcase name="test1" classname="selenium.ExampleSeleniumTest" time="5.677">
    <error message="session not created: This version of ChromeDriver only supports Chrome version 114&#10;Current browser version is 126.0.6478.115 with binary path /Applications/Google Chrome.app/Contents/MacOS/Google Chrome&#10;Build info: version: &apos;3.141.59&apos;, revision: &apos;e82be7d358&apos;, time: &apos;2018-11-14T08:17:03&apos;&#10;System info: host: &apos;Edwards-MacBook-Air.local&apos;, ip: &apos;fe80:0:0:0:810:536:d6f5:bd3f%en0&apos;, os.name: &apos;Mac OS X&apos;, os.arch: &apos;x86_64&apos;, os.version: &apos;14.5&apos;, java.version: &apos;22.0.1&apos;&#10;Driver info: driver.version: ChromeDriver&#10;remote stacktrace: 0   chromedriver                        0x000000010eacf6b8 chromedriver + 4937400&#10;1   chromedriver                        0x000000010eac6b73 chromedriver + 4901747&#10;2   chromedriver                        0x000000010e684616 chromedriver + 435734&#10;3   chromedriver                        0x000000010e6b6d10 chromedriver + 642320&#10;4   chromedriver                        0x000000010e6b218a chromedriver + 622986&#10;5   chromedriver                        0x000000010e6ae67c chromedriver + 607868&#10;6   chromedriver                        0x000000010e6f5a08 chromedriver + 899592&#10;7   chromedriver                        0x000000010e6f4ebf chromedriver + 896703&#10;8   chromedriver                        0x000000010e6ebde3 chromedriver + 859619&#10;9   chromedriver                        0x000000010e6b9d7f chromedriver + 654719&#10;10  chromedriver                        0x000000010e6bb0de chromedriver + 659678&#10;11  chromedriver                        0x000000010ea8b2ad chromedriver + 4657837&#10;12  chromedriver                        0x000000010ea90130 chromedriver + 4677936&#10;13  chromedriver                        0x000000010ea96def chromedriver + 4705775&#10;14  chromedriver                        0x000000010ea9105a chromedriver + 4681818&#10;15  chromedriver                        0x000000010ea6392c chromedriver + 4495660&#10;16  chromedriver                        0x000000010eaae838 chromedriver + 4802616&#10;17  chromedriver                        0x000000010eaae9b7 chromedriver + 4802999&#10;18  chromedriver                        0x000000010eabf99f chromedriver + 4872607&#10;19  libsystem_pthread.dylib             0x00007ff81304e18b _pthread_start + 99&#10;20  libsystem_pthread.dylib             0x00007ff813049ae3 thread_start + 15&#10;" type="org.openqa.selenium.SessionNotCreatedException">org.openqa.selenium.SessionNotCreatedException: 
session not created: This version of ChromeDriver only supports Chrome version 114
Current browser version is 126.0.6478.115 with binary path /Applications/Google Chrome.app/Contents/MacOS/Google Chrome
Build info: version: '3.141.59', revision: 'e82be7d358', time: '2018-11-14T08:17:03'
System info: host: 'Edwards-MacBook-Air.local', ip: 'fe80:0:0:0:810:536:d6f5:bd3f%en0', os.name: 'Mac OS X', os.arch: 'x86_64', os.version: '14.5', java.version: '22.0.1'
Driver info: driver.version: ChromeDriver
remote stacktrace: 0   chromedriver                        0x000000010eacf6b8 chromedriver + 4937400
1   chromedriver                        0x000000010eac6b73 chromedriver + 4901747
2   chromedriver                        0x000000010e684616 chromedriver + 435734
3   chromedriver                        0x000000010e6b6d10 chromedriver + 642320
4   chromedriver                        0x000000010e6b218a chromedriver + 622986
5   chromedriver                        0x000000010e6ae67c chromedriver + 607868
6   chromedriver                        0x000000010e6f5a08 chromedriver + 899592
7   chromedriver                        0x000000010e6f4ebf chromedriver + 896703
8   chromedriver                        0x000000010e6ebde3 chromedriver + 859619
9   chromedriver                        0x000000010e6b9d7f chromedriver + 654719
10  chromedriver                        0x000000010e6bb0de chromedriver + 659678
11  chromedriver                        0x000000010ea8b2ad chromedriver + 4657837
12  chromedriver                        0x000000010ea90130 chromedriver + 4677936
13  chromedriver                        0x000000010ea96def chromedriver + 4705775
14  chromedriver                        0x000000010ea9105a chromedriver + 4681818
15  chromedriver                        0x000000010ea6392c chromedriver + 4495660
16  chromedriver                        0x000000010eaae838 chromedriver + 4802616
17  chromedriver                        0x000000010eaae9b7 chromedriver + 4802999
18  chromedriver                        0x000000010eabf99f chromedriver + 4872607
19  libsystem_pthread.dylib             0x00007ff81304e18b _pthread_start + 99
20  libsystem_pthread.dylib             0x00007ff813049ae3 thread_start + 15

	at selenium.ExampleSeleniumTest.setUp(ExampleSeleniumTest.java:36)
</error>
    <system-err><![CDATA[SLF4J: Failed to load class "org.slf4j.impl.StaticLoggerBinder".
SLF4J: Defaulting to no-operation (NOP) logger implementation
SLF4J: See http://www.slf4j.org/codes.html#StaticLoggerBinder for further details.
Starting ChromeDriver 114.0.5735.90 (386bc09e8f4f2e025eddae123f36f6263096ae49-refs/branch-heads/5735@{#1052}) on port 7421
Only local connections are allowed.
Please see https://chromedriver.chromium.org/security-considerations for suggestions on keeping ChromeDriver safe.
ChromeDriver was started successfully.
]]></system-err>
  </testcase>
  <testcase name="test2" classname="selenium.ExampleSeleniumTest" time="2.028">
    <error message="session not created: This version of ChromeDriver only supports Chrome version 114&#10;Current browser version is 126.0.6478.115 with binary path /Applications/Google Chrome.app/Contents/MacOS/Google Chrome&#10;Build info: version: &apos;3.141.59&apos;, revision: &apos;e82be7d358&apos;, time: &apos;2018-11-14T08:17:03&apos;&#10;System info: host: &apos;Edwards-MacBook-Air.local&apos;, ip: &apos;fe80:0:0:0:810:536:d6f5:bd3f%en0&apos;, os.name: &apos;Mac OS X&apos;, os.arch: &apos;x86_64&apos;, os.version: &apos;14.5&apos;, java.version: &apos;22.0.1&apos;&#10;Driver info: driver.version: ChromeDriver&#10;remote stacktrace: 0   chromedriver                        0x000000010d1336b8 chromedriver + 4937400&#10;1   chromedriver                        0x000000010d12ab73 chromedriver + 4901747&#10;2   chromedriver                        0x000000010cce8616 chromedriver + 435734&#10;3   chromedriver                        0x000000010cd1ad10 chromedriver + 642320&#10;4   chromedriver                        0x000000010cd1618a chromedriver + 622986&#10;5   chromedriver                        0x000000010cd1267c chromedriver + 607868&#10;6   chromedriver                        0x000000010cd59a08 chromedriver + 899592&#10;7   chromedriver                        0x000000010cd58ebf chromedriver + 896703&#10;8   chromedriver                        0x000000010cd4fde3 chromedriver + 859619&#10;9   chromedriver                        0x000000010cd1dd7f chromedriver + 654719&#10;10  chromedriver                        0x000000010cd1f0de chromedriver + 659678&#10;11  chromedriver                        0x000000010d0ef2ad chromedriver + 4657837&#10;12  chromedriver                        0x000000010d0f4130 chromedriver + 4677936&#10;13  chromedriver                        0x000000010d0fadef chromedriver + 4705775&#10;14  chromedriver                        0x000000010d0f505a chromedriver + 4681818&#10;15  chromedriver                        0x000000010d0c792c chromedriver + 4495660&#10;16  chromedriver                        0x000000010d112838 chromedriver + 4802616&#10;17  chromedriver                        0x000000010d1129b7 chromedriver + 4802999&#10;18  chromedriver                        0x000000010d12399f chromedriver + 4872607&#10;19  libsystem_pthread.dylib             0x00007ff81304e18b _pthread_start + 99&#10;20  libsystem_pthread.dylib             0x00007ff813049ae3 thread_start + 15&#10;" type="org.openqa.selenium.SessionNotCreatedException">org.openqa.selenium.SessionNotCreatedException: 
session not created: This version of ChromeDriver only supports Chrome version 114
Current browser version is 126.0.6478.115 with binary path /Applications/Google Chrome.app/Contents/MacOS/Google Chrome
Build info: version: '3.141.59', revision: 'e82be7d358', time: '2018-11-14T08:17:03'
System info: host: 'Edwards-MacBook-Air.local', ip: 'fe80:0:0:0:810:536:d6f5:bd3f%en0', os.name: 'Mac OS X', os.arch: 'x86_64', os.version: '14.5', java.version: '22.0.1'
Driver info: driver.version: ChromeDriver
remote stacktrace: 0   chromedriver                        0x000000010d1336b8 chromedriver + 4937400
1   chromedriver                        0x000000010d12ab73 chromedriver + 4901747
2   chromedriver                        0x000000010cce8616 chromedriver + 435734
3   chromedriver                        0x000000010cd1ad10 chromedriver + 642320
4   chromedriver                        0x000000010cd1618a chromedriver + 622986
5   chromedriver                        0x000000010cd1267c chromedriver + 607868
6   chromedriver                        0x000000010cd59a08 chromedriver + 899592
7   chromedriver                        0x000000010cd58ebf chromedriver + 896703
8   chromedriver                        0x000000010cd4fde3 chromedriver + 859619
9   chromedriver                        0x000000010cd1dd7f chromedriver + 654719
10  chromedriver                        0x000000010cd1f0de chromedriver + 659678
11  chromedriver                        0x000000010d0ef2ad chromedriver + 4657837
12  chromedriver                        0x000000010d0f4130 chromedriver + 4677936
13  chromedriver                        0x000000010d0fadef chromedriver + 4705775
14  chromedriver                        0x000000010d0f505a chromedriver + 4681818
15  chromedriver                        0x000000010d0c792c chromedriver + 4495660
16  chromedriver                        0x000000010d112838 chromedriver + 4802616
17  chromedriver                        0x000000010d1129b7 chromedriver + 4802999
18  chromedriver                        0x000000010d12399f chromedriver + 4872607
19  libsystem_pthread.dylib             0x00007ff81304e18b _pthread_start + 99
20  libsystem_pthread.dylib             0x00007ff813049ae3 thread_start + 15

	at selenium.ExampleSeleniumTest.setUp(ExampleSeleniumTest.java:36)
</error>
    <system-err><![CDATA[Starting ChromeDriver 114.0.5735.90 (386bc09e8f4f2e025eddae123f36f6263096ae49-refs/branch-heads/5735@{#1052}) on port 16459
Only local connections are allowed.
Please see https://chromedriver.chromium.org/security-considerations for suggestions on keeping ChromeDriver safe.
ChromeDriver was started successfully.
]]></system-err>
  </testcase>
  <testcase name="test3" classname="selenium.ExampleSeleniumTest" time="1.842">
    <error message="session not created: This version of ChromeDriver only supports Chrome version 114&#10;Current browser version is 126.0.6478.115 with binary path /Applications/Google Chrome.app/Contents/MacOS/Google Chrome&#10;Build info: version: &apos;3.141.59&apos;, revision: &apos;e82be7d358&apos;, time: &apos;2018-11-14T08:17:03&apos;&#10;System info: host: &apos;Edwards-MacBook-Air.local&apos;, ip: &apos;fe80:0:0:0:810:536:d6f5:bd3f%en0&apos;, os.name: &apos;Mac OS X&apos;, os.arch: &apos;x86_64&apos;, os.version: &apos;14.5&apos;, java.version: &apos;22.0.1&apos;&#10;Driver info: driver.version: ChromeDriver&#10;remote stacktrace: 0   chromedriver                        0x000000010bfdb6b8 chromedriver + 4937400&#10;1   chromedriver                        0x000000010bfd2b73 chromedriver + 4901747&#10;2   chromedriver                        0x000000010bb90616 chromedriver + 435734&#10;3   chromedriver                        0x000000010bbc2d10 chromedriver + 642320&#10;4   chromedriver                        0x000000010bbbe18a chromedriver + 622986&#10;5   chromedriver                        0x000000010bbba67c chromedriver + 607868&#10;6   chromedriver                        0x000000010bc01a08 chromedriver + 899592&#10;7   chromedriver                        0x000000010bc00ebf chromedriver + 896703&#10;8   chromedriver                        0x000000010bbf7de3 chromedriver + 859619&#10;9   chromedriver                        0x000000010bbc5d7f chromedriver + 654719&#10;10  chromedriver                        0x000000010bbc70de chromedriver + 659678&#10;11  chromedriver                        0x000000010bf972ad chromedriver + 4657837&#10;12  chromedriver                        0x000000010bf9c130 chromedriver + 4677936&#10;13  chromedriver                        0x000000010bfa2def chromedriver + 4705775&#10;14  chromedriver                        0x000000010bf9d05a chromedriver + 4681818&#10;15  chromedriver                        0x000000010bf6f92c chromedriver + 4495660&#10;16  chromedriver                        0x000000010bfba838 chromedriver + 4802616&#10;17  chromedriver                        0x000000010bfba9b7 chromedriver + 4802999&#10;18  chromedriver                        0x000000010bfcb99f chromedriver + 4872607&#10;19  libsystem_pthread.dylib             0x00007ff81304e18b _pthread_start + 99&#10;20  libsystem_pthread.dylib             0x00007ff813049ae3 thread_start + 15&#10;" type="org.openqa.selenium.SessionNotCreatedException">org.openqa.selenium.SessionNotCreatedException: 
session not created: This version of ChromeDriver only supports Chrome version 114
Current browser version is 126.0.6478.115 with binary path /Applications/Google Chrome.app/Contents/MacOS/Google Chrome
Build info: version: '3.141.59', revision: 'e82be7d358', time: '2018-11-14T08:17:03'
System info: host: 'Edwards-MacBook-Air.local', ip: 'fe80:0:0:0:810:536:d6f5:bd3f%en0', os.name: 'Mac OS X', os.arch: 'x86_64', os.version: '14.5', java.version: '22.0.1'
Driver info: driver.version: ChromeDriver
remote stacktrace: 0   chromedriver                        0x000000010bfdb6b8 chromedriver + 4937400
1   chromedriver                        0x000000010bfd2b73 chromedriver + 4901747
2   chromedriver                        0x000000010bb90616 chromedriver + 435734
3   chromedriver                        0x000000010bbc2d10 chromedriver + 642320
4   chromedriver                        0x000000010bbbe18a chromedriver + 622986
5   chromedriver                        0x000000010bbba67c chromedriver + 607868
6   chromedriver                        0x000000010bc01a08 chromedriver + 899592
7   chromedriver                        0x000000010bc00ebf chromedriver + 896703
8   chromedriver                        0x000000010bbf7de3 chromedriver + 859619
9   chromedriver                        0x000000010bbc5d7f chromedriver + 654719
10  chromedriver                        0x000000010bbc70de chromedriver + 659678
11  chromedriver                        0x000000010bf972ad chromedriver + 4657837
12  chromedriver                        0x000000010bf9c130 chromedriver + 4677936
13  chromedriver                        0x000000010bfa2def chromedriver + 4705775
14  chromedriver                        0x000000010bf9d05a chromedriver + 4681818
15  chromedriver                        0x000000010bf6f92c chromedriver + 4495660
16  chromedriver                        0x000000010bfba838 chromedriver + 4802616
17  chromedriver                        0x000000010bfba9b7 chromedriver + 4802999
18  chromedriver                        0x000000010bfcb99f chromedriver + 4872607
19  libsystem_pthread.dylib             0x00007ff81304e18b _pthread_start + 99
20  libsystem_pthread.dylib             0x00007ff813049ae3 thread_start + 15

	at selenium.ExampleSeleniumTest.setUp(ExampleSeleniumTest.java:36)
</error>
    <system-err><![CDATA[Starting ChromeDriver 114.0.5735.90 (386bc09e8f4f2e025eddae123f36f6263096ae49-refs/branch-heads/5735@{#1052}) on port 37701
Only local connections are allowed.
Please see https://chromedriver.chromium.org/security-considerations for suggestions on keeping ChromeDriver safe.
ChromeDriver was started successfully.
]]></system-err>
  </testcase>
</testsuite>